
ROM used:   1435/16384 (9%)
            1435/16384 (9%) including unused fragments

            0.6 Average locations per line
            7.2 Average locations per statement

RAM used:   108/2048 (5%) at main() level
            331/2048 (16%) worst case

Stack used: 3 worst case (2 in main + 1 for interrupts)
Stack size: 16

Lines Stmts  %   Files
----- ----- ---  -----
  165    65  33  FAB_PIC_FM.c
    7     0   0  FAB_PIC_FM.h
 1129     0   0  ..\..\..\..\Program Files (x86)\PICC\Devices\16F1789.h
  602     0   0  PIC16F1789_registers.h
  109    28  14  define_func.c
  341   105  53  ADC_reading_func.c
----- -----
 2353   198 Total

Page ROM  %  RAM    Vol Diff  Functions:
---- --- --- ---    --- ----  ----------
0     22   2    1             @delay_ms1
0     17   1    0    158  1.8  kill_fab_forward
0     17   1    0    158  1.8  kill_fab_reverse
0     13   1    0    115  1.7  kill_OBC_forward
0     13   1    0    115  1.7  kill_OBC_reverse
0      7   0    0             @PUTCHARI_BIU_1
 Inline         0             @GETCH_BIU_1
0     61   4    6             @SPI_XFER_1
0     41   3    6    197  3.7  READ_vol_CHANNEL
0     41   3    6    197  3.7  READ_temp_CHANNEL
0    122   9    2    988  3.9  temperature
0    102   7    2    799  3.9  voltages
0     44   3    4    140  2.8  READ_PIC_ADC
0    326  23  206    395  5.7  READ_PIC_ADC16
 Inline         5             @DIV1616
0    175  12    2   1679  3.4  adc_FAB
0     23   2    2    328  4.6  kill_status
0     19   1    3     93  3.3  CLR_FAB_DATA
0     23   2    0     35  1.7  serial_isr
0    337  23    2   1979  7.4  MAIN
 Inline         0             @cinit1

Program metrics:
    Functions               15
    Statements              198
    Comments                453
    Volume (V)              11415
    Difficulty (D)          51.6
    Effort to implement (E) 589270
    Time to implement (T)   9 hours, 6 minutes
    Est Delivered Bugs (B)  2
    Cyclomatic Complexity   11
    Maintainability (MI)    134

 Segment     Used  Free
-----------  ----  ----
00000-00002     3  0  
00003-00003     0  1  
00004-00020    29  0  
00021-007FF  1403  612  
00800-00FFF     0  2048  
01000-017FF     0  2048  
01800-01FFF     0  2048  
02000-027FF     0  2048  
02800-02FFF     0  2048  
03000-037FF     0  2048  
03800-03FFF     0  2048  



